13:09:26,828 |-INFO in ch.qos.logback.classic.LoggerContext[default] - Could NOT find resource [logback.groovy]
13:09:26,828 |-INFO in ch.qos.logback.classic.LoggerContext[default] - Could NOT find resource [logback-test.xml]
13:09:26,828 |-INFO in ch.qos.logback.classic.LoggerContext[default] - Found resource [logback.xml] at [jar:file:/home/ray/Work/railsprojects/socialbeam-aws/neo4j/system/lib/neo4j-server-1.8.1.jar!/logback.xml]
13:09:26,851 |-INFO in ch.qos.logback.core.joran.spi.ConfigurationWatchList@2b2d96f2 - URL [jar:file:/home/ray/Work/railsprojects/socialbeam-aws/neo4j/system/lib/neo4j-server-1.8.1.jar!/logback.xml] is not of type file
13:09:26,949 |-INFO in ch.qos.logback.classic.joran.action.ConfigurationAction - debug attribute not set
13:09:26,963 |-INFO in ch.qos.logback.core.joran.action.AppenderAction - About to instantiate appender of type [ch.qos.logback.core.ConsoleAppender]
13:09:26,971 |-INFO in ch.qos.logback.core.joran.action.AppenderAction - Naming appender as [STDOUT]
13:09:26,990 |-INFO in ch.qos.logback.core.joran.action.NestedComplexPropertyIA - Assuming default type [ch.qos.logback.classic.encoder.PatternLayoutEncoder] for [encoder] property
13:09:27,076 |-INFO in ch.qos.logback.classic.joran.action.RootLoggerAction - Setting level of ROOT logger to INFO
13:09:27,076 |-INFO in ch.qos.logback.core.joran.action.AppenderRefAction - Attaching appender named [STDOUT] to Logger[ROOT]
13:09:27,079 |-ERROR in ch.qos.logback.core.joran.action.IncludeAction - Could not find resource corresponding to [custom-logback.xml]
13:09:27,081 |-INFO in ch.qos.logback.classic.joran.JoranConfigurator@3e110003 - Registering current configuration as safe fallback point

1/2/13 1:09:27 PM org.neo4j.server.database.Database INFO: Loaded neo4j tuning properties from conf/neo4j.properties
13:09:27.560 [main] INFO  neo4j - WARNING! Deprecated configuration options used. See manual for details
13:09:27.564 [main] INFO  neo4j - cannot configure writers and searchers individually since they go together
13:09:27.643 [main] INFO  neo4j.datasource - Creating new db @ /home/ray/Work/railsprojects/socialbeam-aws/neo4j/data/graph.db/neostore
13:09:27.878 [main] INFO  neo4j.neostore - [/home/ray/Work/railsprojects/socialbeam-aws/neo4j/data/graph.db/neostore.nodestore.db] brickCount=0 brickSize=891288b mappedMem=89128960b (storeSize=0b)
13:09:27.944 [main] INFO  neo4j.neostore - /home/ray/Work/railsprojects/socialbeam-aws/neo4j/data/graph.db/neostore.nodestore.db hit=1 miss=0 switches=0 ooe=0
13:09:28.920 [main] INFO  neo4j.neostore - [/home/ray/Work/railsprojects/socialbeam-aws/neo4j/data/graph.db/neostore.relationshiptypestore.db.names] brickCount=0 brickSize=0b mappedMem=0b (storeSize=38b)
13:09:28.925 [main] INFO  neo4j.neostore - [/home/ray/Work/railsprojects/socialbeam-aws/neo4j/data/graph.db/neostore.relationshiptypestore.db] brickCount=0 brickSize=0b mappedMem=0b (storeSize=0b)
13:09:28.969 [main] INFO  neo4j.neostore - /home/ray/Work/railsprojects/socialbeam-aws/neo4j/data/graph.db/neostore.relationshiptypestore.db.names hit=0 miss=0 switches=0 ooe=0
13:09:29.034 [main] INFO  neo4j.neostore - /home/ray/Work/railsprojects/socialbeam-aws/neo4j/data/graph.db/neostore.relationshiptypestore.db hit=0 miss=0 switches=0 ooe=0
13:09:29.100 [main] INFO  neo4j.neostore - [/home/ray/Work/railsprojects/socialbeam-aws/neo4j/data/graph.db/neostore.relationshiptypestore.db.names] brickCount=0 brickSize=0b mappedMem=0b (storeSize=38b)
13:09:29.101 [main] INFO  neo4j.neostore - [/home/ray/Work/railsprojects/socialbeam-aws/neo4j/data/graph.db/neostore.relationshiptypestore.db] brickCount=0 brickSize=0b mappedMem=0b (storeSize=0b)
13:09:29.102 [main] INFO  neo4j.neostore - [/home/ray/Work/railsprojects/socialbeam-aws/neo4j/data/graph.db/neostore.propertystore.db.strings] brickCount=0 brickSize=273664b mappedMem=273678336b (storeSize=128b)
13:09:29.102 [main] INFO  neo4j.neostore - [/home/ray/Work/railsprojects/socialbeam-aws/neo4j/data/graph.db/neostore.propertystore.db.index.keys] brickCount=0 brickSize=1026b mappedMem=1048576b (storeSize=38b)
13:09:29.104 [main] INFO  neo4j.neostore - [/home/ray/Work/railsprojects/socialbeam-aws/neo4j/data/graph.db/neostore.propertystore.db.index] brickCount=0 brickSize=10485b mappedMem=1048576b (storeSize=0b)
13:09:29.106 [main] INFO  neo4j.neostore - [/home/ray/Work/railsprojects/socialbeam-aws/neo4j/data/graph.db/neostore.propertystore.db.arrays] brickCount=0 brickSize=311424b mappedMem=311427072b (storeSize=128b)
13:09:29.110 [main] INFO  neo4j.neostore - [/home/ray/Work/railsprojects/socialbeam-aws/neo4j/data/graph.db/neostore.propertystore.db] brickCount=0 brickSize=3229611b mappedMem=322961408b (storeSize=0b)
13:09:29.112 [main] INFO  neo4j.neostore - [/home/ray/Work/railsprojects/socialbeam-aws/neo4j/data/graph.db/neostore.relationshipstore.db] brickCount=0 brickSize=3953103b mappedMem=395313152b (storeSize=0b)
13:09:29.113 [main] INFO  neo4j.neostore - [/home/ray/Work/railsprojects/socialbeam-aws/neo4j/data/graph.db/neostore.nodestore.db] brickCount=0 brickSize=89127b mappedMem=89128960b (storeSize=9b)
13:09:29.114 [main] INFO  neo4j.neostore - [/home/ray/Work/railsprojects/socialbeam-aws/neo4j/data/graph.db/neostore] brickCount=0 brickSize=0b mappedMem=0b (storeSize=0b)
13:09:29.166 [main] INFO  neo4j.neostore - /home/ray/Work/railsprojects/socialbeam-aws/neo4j/data/graph.db/neostore.relationshiptypestore.db.names hit=0 miss=0 switches=0 ooe=0
13:09:29.233 [main] INFO  neo4j.neostore - /home/ray/Work/railsprojects/socialbeam-aws/neo4j/data/graph.db/neostore.relationshiptypestore.db hit=0 miss=0 switches=0 ooe=0
13:09:29.313 [main] INFO  neo4j.neostore - /home/ray/Work/railsprojects/socialbeam-aws/neo4j/data/graph.db/neostore.propertystore.db.strings hit=0 miss=0 switches=0 ooe=0
13:09:29.390 [main] INFO  neo4j.neostore - /home/ray/Work/railsprojects/socialbeam-aws/neo4j/data/graph.db/neostore.propertystore.db.index.keys hit=0 miss=0 switches=0 ooe=0
13:09:29.454 [main] INFO  neo4j.neostore - /home/ray/Work/railsprojects/socialbeam-aws/neo4j/data/graph.db/neostore.propertystore.db.index hit=0 miss=0 switches=0 ooe=0
13:09:29.544 [main] INFO  neo4j.neostore - /home/ray/Work/railsprojects/socialbeam-aws/neo4j/data/graph.db/neostore.propertystore.db.arrays hit=0 miss=0 switches=0 ooe=0
13:09:29.608 [main] INFO  neo4j.neostore - /home/ray/Work/railsprojects/socialbeam-aws/neo4j/data/graph.db/neostore.propertystore.db hit=0 miss=0 switches=0 ooe=0
13:09:29.686 [main] INFO  neo4j.neostore - /home/ray/Work/railsprojects/socialbeam-aws/neo4j/data/graph.db/neostore.relationshipstore.db hit=0 miss=0 switches=0 ooe=0
13:09:29.783 [main] INFO  neo4j.neostore - /home/ray/Work/railsprojects/socialbeam-aws/neo4j/data/graph.db/neostore.nodestore.db hit=0 miss=0 switches=0 ooe=0
13:09:29.917 [main] INFO  neo4j.neostore - /home/ray/Work/railsprojects/socialbeam-aws/neo4j/data/graph.db/neostore hit=0 miss=8 switches=0 ooe=0
13:09:29.998 [main] INFO  neo4j.neostore - [/home/ray/Work/railsprojects/socialbeam-aws/neo4j/data/graph.db/neostore.relationshiptypestore.db.names] brickCount=0 brickSize=0b mappedMem=0b (storeSize=38b)
13:09:29.999 [main] INFO  neo4j.neostore - [/home/ray/Work/railsprojects/socialbeam-aws/neo4j/data/graph.db/neostore.relationshiptypestore.db] brickCount=0 brickSize=0b mappedMem=0b (storeSize=0b)
13:09:30.000 [main] INFO  neo4j.neostore - [/home/ray/Work/railsprojects/socialbeam-aws/neo4j/data/graph.db/neostore.propertystore.db.strings] brickCount=0 brickSize=273664b mappedMem=273678336b (storeSize=128b)
13:09:30.000 [main] INFO  neo4j.neostore - [/home/ray/Work/railsprojects/socialbeam-aws/neo4j/data/graph.db/neostore.propertystore.db.index.keys] brickCount=0 brickSize=1026b mappedMem=1048576b (storeSize=38b)
13:09:30.001 [main] INFO  neo4j.neostore - [/home/ray/Work/railsprojects/socialbeam-aws/neo4j/data/graph.db/neostore.propertystore.db.index] brickCount=0 brickSize=10485b mappedMem=1048576b (storeSize=0b)
13:09:30.002 [main] INFO  neo4j.neostore - [/home/ray/Work/railsprojects/socialbeam-aws/neo4j/data/graph.db/neostore.propertystore.db.arrays] brickCount=0 brickSize=311424b mappedMem=311427072b (storeSize=128b)
13:09:30.002 [main] INFO  neo4j.neostore - [/home/ray/Work/railsprojects/socialbeam-aws/neo4j/data/graph.db/neostore.propertystore.db] brickCount=0 brickSize=3229611b mappedMem=322961408b (storeSize=0b)
13:09:30.003 [main] INFO  neo4j.neostore - [/home/ray/Work/railsprojects/socialbeam-aws/neo4j/data/graph.db/neostore.relationshipstore.db] brickCount=0 brickSize=3953103b mappedMem=395313152b (storeSize=0b)
13:09:30.004 [main] INFO  neo4j.neostore - [/home/ray/Work/railsprojects/socialbeam-aws/neo4j/data/graph.db/neostore.nodestore.db] brickCount=0 brickSize=89127b mappedMem=89128960b (storeSize=9b)
13:09:30.004 [main] INFO  neo4j.neostore - [/home/ray/Work/railsprojects/socialbeam-aws/neo4j/data/graph.db/neostore] brickCount=0 brickSize=0b mappedMem=0b (storeSize=54b)
13:09:30.022 [main] INFO  neo4j.xafactory - Opened logical log [/home/ray/Work/railsprojects/socialbeam-aws/neo4j/data/graph.db/nioneo_logical.log.1] version=0, lastTxId=1 (clean)
1/2/13 1:09:31 PM org.neo4j.server.database.Database INFO: Successfully started database
1/2/13 1:09:31 PM org.neo4j.server.AbstractNeoServer INFO: Starting Neo Server on port [7474] with [20] threads available
1/2/13 1:09:31 PM org.neo4j.server.AbstractNeoServer INFO: Enabling HTTPS on port [7473]
Logger not configured, logging to std out instead: [FINE] Adding JAXRS packages [org.neo4j.server.rest.discovery] at [/]
1/2/13 1:09:32 PM org.neo4j.server.modules.DiscoveryModule INFO: Mounted discovery module at [/]
Logger not configured, logging to std out instead: [FINE] Adding JAXRS packages [org.neo4j.server.rest.web] at [/db/data]
1/2/13 1:09:32 PM org.neo4j.server.plugins.PluginManager INFO: Loaded server plugin "CypherPlugin"
1/2/13 1:09:32 PM org.neo4j.server.plugins.PluginManager INFO: Loaded server plugin "GremlinPlugin"
1/2/13 1:09:32 PM org.neo4j.server.modules.RESTApiModule INFO: Mounted REST API at [/db/data/]
Logger not configured, logging to std out instead: [FINE] Adding JAXRS packages [org.neo4j.server.webadmin.rest] at [/db/manage]
1/2/13 1:09:32 PM org.neo4j.server.modules.ManagementApiModule INFO: Mounted management API at [/db/manage/]
1/2/13 1:09:32 PM org.neo4j.server.modules.WebAdminModule INFO: Mounted webadmin at [/webadmin]
13:09:32.740 [main] INFO  org.mortbay.log - Logging to Logger[org.mortbay.log] via org.mortbay.log.Slf4jLog
1/2/13 1:09:32 PM org.neo4j.server.web.Jetty6WebServer INFO: Mounting static content at [/webadmin] from [webadmin-html]
Logger not configured, logging to std out instead: [FINE] Found [jar:file:/home/ray/Work/railsprojects/socialbeam-aws/neo4j/system/lib/neo4j-server-1.8.1-static-web.jar!/webadmin-html]
Logger not configured, logging to std out instead: [FINE] Mounting static content from [jar:file:/home/ray/Work/railsprojects/socialbeam-aws/neo4j/system/lib/neo4j-server-1.8.1-static-web.jar!/webadmin-html] at [/webadmin]
Logger not configured, logging to std out instead: [FINE] Mounting servlet at [/db/manage]
Logger not configured, logging to std out instead: [FINE] Mounting servlet at [/db/data]
Logger not configured, logging to std out instead: [FINE] Mounting servlet at [/]
13:09:32.889 [main] INFO  org.mortbay.log - jetty-6.1.25
13:09:33.104 [main] INFO  org.mortbay.log - NO JSP Support for /webadmin, did not find org.apache.jasper.servlet.JspServlet
13:09:36.873 [main] INFO  org.mortbay.log - Started SelectChannelConnector@localhost:7474
13:09:38.248 [main] INFO  org.mortbay.log - Started SslSocketConnector@localhost:7473
1/2/13 1:09:38 PM org.neo4j.server.AbstractNeoServer INFO: Server started on [http://localhost:7474/]
Logger not configured, logging to std out instead: [FINEST] org.neo4j.server.webadmin.rest.ShellSession@1958aeed
Logger not configured, logging to std out instead: [FINEST] org.neo4j.server.webadmin.console.GremlinSession@3a1a5678
Logger not configured, logging to std out instead: [FINEST] org.neo4j.server.webadmin.console.GremlinSession@3a1a5678
Logger not configured, logging to std out instead: [FINEST] org.neo4j.server.webadmin.rest.ShellSession@1958aeed
