2013-02-01 13:09:30,891 INFO  [neo4j.txmanager]: TM new log: tm_tx_log.1
2013-02-01 13:09:30,983 INFO  [neo4j.xafactory]: Opened logical log [/home/ray/Work/railsprojects/socialbeam-aws/neo4j/data/graph.db/index/lucene.log.1] version=0, lastTxId=1 (clean)
2013-02-01 13:09:31,045 DEBUG [neo4j.diagnostics]: --- STARTUP diagnostics START ---
2013-02-01 13:09:31,055 DEBUG [neo4j.diagnostics]: Neo4j Kernel properties:
2013-02-01 13:09:31,057 DEBUG [neo4j.diagnostics]: forced_kernel_id=
2013-02-01 13:09:31,057 DEBUG [neo4j.diagnostics]: read_only=false
2013-02-01 13:09:31,057 DEBUG [neo4j.diagnostics]: neo4j.ext.udc.host=udc.neo4j.org
2013-02-01 13:09:31,057 DEBUG [neo4j.diagnostics]: logical_log=nioneo_logical.log
2013-02-01 13:09:31,058 DEBUG [neo4j.diagnostics]: node_auto_indexing=false
2013-02-01 13:09:31,058 DEBUG [neo4j.diagnostics]: intercept_committing_transactions=false
2013-02-01 13:09:31,058 DEBUG [neo4j.diagnostics]: remote_shell_name=shell
2013-02-01 13:09:31,058 DEBUG [neo4j.diagnostics]: cache_type=soft
2013-02-01 13:09:31,058 DEBUG [neo4j.diagnostics]: intercept_deserialized_transactions=false
2013-02-01 13:09:31,058 DEBUG [neo4j.diagnostics]: lucene_searcher_cache_size=2147483647
2013-02-01 13:09:31,058 DEBUG [neo4j.diagnostics]: neo4j.ext.udc.interval=86400000
2013-02-01 13:09:31,058 DEBUG [neo4j.diagnostics]: use_memory_mapped_buffers=true
2013-02-01 13:09:31,058 DEBUG [neo4j.diagnostics]: rebuild_idgenerators_fast=true
2013-02-01 13:09:31,058 DEBUG [neo4j.diagnostics]: neostore.propertystore.db.index.keys.mapped_memory=1M
2013-02-01 13:09:31,058 DEBUG [neo4j.diagnostics]: neostore.propertystore.db.arrays.mapped_memory=297M
2013-02-01 13:09:31,058 DEBUG [neo4j.diagnostics]: neostore.propertystore.db.strings.mapped_memory=261M
2013-02-01 13:09:31,058 DEBUG [neo4j.diagnostics]: log_mapped_memory_stats_filename=mapped_memory_stats.log
2013-02-01 13:09:31,058 DEBUG [neo4j.diagnostics]: log_mapped_memory_stats_interval=1000000
2013-02-01 13:09:31,058 DEBUG [neo4j.diagnostics]: gcr_cache_min_log_interval=60s
2013-02-01 13:09:31,058 DEBUG [neo4j.diagnostics]: relationship_grab_size=100
2013-02-01 13:09:31,059 DEBUG [neo4j.diagnostics]: relationship_auto_indexing=false
2013-02-01 13:09:31,059 DEBUG [neo4j.diagnostics]: remote_shell_read_only=false
2013-02-01 13:09:31,059 DEBUG [neo4j.diagnostics]: node_cache_array_fraction=1.0
2013-02-01 13:09:31,059 DEBUG [neo4j.diagnostics]: allow_store_upgrade=false
2013-02-01 13:09:31,059 DEBUG [neo4j.diagnostics]: execution_guard_enabled=false
2013-02-01 13:09:31,059 DEBUG [neo4j.diagnostics]: relationship_cache_array_fraction=1.0
2013-02-01 13:09:31,059 DEBUG [neo4j.diagnostics]: store_dir=data/graph.db
2013-02-01 13:09:31,059 DEBUG [neo4j.diagnostics]: remote_logging_host=127.0.0.1
2013-02-01 13:09:31,059 DEBUG [neo4j.diagnostics]: online_backup_enabled=false
2013-02-01 13:09:31,059 DEBUG [neo4j.diagnostics]: remote_logging_port=4560
2013-02-01 13:09:31,059 DEBUG [neo4j.diagnostics]: gc_monitor_threshold=200ms
2013-02-01 13:09:31,059 DEBUG [neo4j.diagnostics]: array_block_size=120
2013-02-01 13:09:31,059 DEBUG [neo4j.diagnostics]: load_kernel_extensions=true
2013-02-01 13:09:31,059 DEBUG [neo4j.diagnostics]: neostore.relationshipstore.db.mapped_memory=377M
2013-02-01 13:09:31,059 DEBUG [neo4j.diagnostics]: keep_logical_logs=true
2013-02-01 13:09:31,059 DEBUG [neo4j.diagnostics]: dump_configuration=false
2013-02-01 13:09:31,060 DEBUG [neo4j.diagnostics]: gc_monitor_wait_time=100ms
2013-02-01 13:09:31,060 DEBUG [neo4j.diagnostics]: neostore.nodestore.db.mapped_memory=85M
2013-02-01 13:09:31,060 DEBUG [neo4j.diagnostics]: neo4j.ext.udc.first_delay=600000
2013-02-01 13:09:31,060 DEBUG [neo4j.diagnostics]: remote_shell_enabled=true
2013-02-01 13:09:31,060 DEBUG [neo4j.diagnostics]: neo4j.ext.udc.reg=unreg
2013-02-01 13:09:31,060 DEBUG [neo4j.diagnostics]: remote_shell_port=1337
2013-02-01 13:09:31,060 DEBUG [neo4j.diagnostics]: ephemeral=false
2013-02-01 13:09:31,060 DEBUG [neo4j.diagnostics]: log_mapped_memory_stats=false
2013-02-01 13:09:31,060 DEBUG [neo4j.diagnostics]: mapped_memory_page_size=1M
2013-02-01 13:09:31,060 DEBUG [neo4j.diagnostics]: neo_store=neostore
2013-02-01 13:09:31,060 DEBUG [neo4j.diagnostics]: query_cache_size=100
2013-02-01 13:09:31,060 DEBUG [neo4j.diagnostics]: logging.threshold_for_rotation=104857600
2013-02-01 13:09:31,060 DEBUG [neo4j.diagnostics]: neostore.propertystore.db.index.mapped_memory=1M
2013-02-01 13:09:31,060 DEBUG [neo4j.diagnostics]: backup_slave=false
2013-02-01 13:09:31,060 DEBUG [neo4j.diagnostics]: neostore.propertystore.db.mapped_memory=308M
2013-02-01 13:09:31,060 DEBUG [neo4j.diagnostics]: string_block_size=120
2013-02-01 13:09:31,061 DEBUG [neo4j.diagnostics]: grab_file_lock=true
2013-02-01 13:09:31,061 DEBUG [neo4j.diagnostics]: remote_logging_enabled=false
2013-02-01 13:09:31,061 DEBUG [neo4j.diagnostics]: neo4j.ext.udc.enabled=true
2013-02-01 13:09:31,061 DEBUG [neo4j.diagnostics]: all_stores_total_mapped_memory_size=500M
2013-02-01 13:09:31,061 DEBUG [neo4j.diagnostics]: online_backup_port=6362
2013-02-01 13:09:31,061 DEBUG [neo4j.diagnostics]: neo4j.ext.udc.source=server
2013-02-01 13:09:31,063 DEBUG [neo4j.diagnostics]: Diagnostics providers:
2013-02-01 13:09:31,063 DEBUG [neo4j.diagnostics]: org.neo4j.kernel.configuration.Config
2013-02-01 13:09:31,063 DEBUG [neo4j.diagnostics]: org.neo4j.kernel.info.DiagnosticsManager
2013-02-01 13:09:31,063 DEBUG [neo4j.diagnostics]: SYSTEM_MEMORY
2013-02-01 13:09:31,063 DEBUG [neo4j.diagnostics]: JAVA_MEMORY
2013-02-01 13:09:31,063 DEBUG [neo4j.diagnostics]: OPERATING_SYSTEM
2013-02-01 13:09:31,063 DEBUG [neo4j.diagnostics]: JAVA_VIRTUAL_MACHINE
2013-02-01 13:09:31,063 DEBUG [neo4j.diagnostics]: CLASSPATH
2013-02-01 13:09:31,063 DEBUG [neo4j.diagnostics]: LIBRARY_PATH
2013-02-01 13:09:31,063 DEBUG [neo4j.diagnostics]: SYSTEM_PROPERTIES
2013-02-01 13:09:31,063 DEBUG [neo4j.diagnostics]: LINUX_SCHEDULERS
2013-02-01 13:09:31,063 DEBUG [neo4j.diagnostics]: NETWORK
2013-02-01 13:09:31,064 DEBUG [neo4j.diagnostics]: System memory information:
2013-02-01 13:09:31,084 DEBUG [neo4j.diagnostics]: Total Physical memory: 3.72 GB
2013-02-01 13:09:31,085 DEBUG [neo4j.diagnostics]: Free Physical memory: 275.80 MB
2013-02-01 13:09:31,085 DEBUG [neo4j.diagnostics]: Committed virtual memory: 1.82 GB
2013-02-01 13:09:31,085 DEBUG [neo4j.diagnostics]: Total swap space: 1.85 GB
2013-02-01 13:09:31,089 DEBUG [neo4j.diagnostics]: Free swap space: 549.88 MB
2013-02-01 13:09:31,090 DEBUG [neo4j.diagnostics]: JVM memory information:
2013-02-01 13:09:31,090 DEBUG [neo4j.diagnostics]: Free  memory: 42.31 MB
2013-02-01 13:09:31,091 DEBUG [neo4j.diagnostics]: Total memory: 57.13 MB
2013-02-01 13:09:31,091 DEBUG [neo4j.diagnostics]: Max   memory: 848.00 MB
2013-02-01 13:09:31,093 DEBUG [neo4j.diagnostics]: Garbage Collector: PS Scavenge: [PS Eden Space, PS Survivor Space]
2013-02-01 13:09:31,093 DEBUG [neo4j.diagnostics]: Garbage Collector: PS MarkSweep: [PS Eden Space, PS Survivor Space, PS Old Gen, PS Perm Gen]
2013-02-01 13:09:31,094 DEBUG [neo4j.diagnostics]: Memory Pool: Code Cache (Non-heap memory): committed=2.44 MB, used=644.50 kB, max=48.00 MB, threshold=0.00 B
2013-02-01 13:09:31,095 DEBUG [neo4j.diagnostics]: Memory Pool: PS Eden Space (Heap memory): committed=14.94 MB, used=13.81 MB, max=313.13 MB, threshold=?
2013-02-01 13:09:31,096 DEBUG [neo4j.diagnostics]: Memory Pool: PS Survivor Space (Heap memory): committed=2.44 MB, used=1.01 MB, max=2.44 MB, threshold=?
2013-02-01 13:09:31,097 DEBUG [neo4j.diagnostics]: Memory Pool: PS Old Gen (Heap memory): committed=39.75 MB, used=0.00 B, max=636.00 MB, threshold=0.00 B
2013-02-01 13:09:31,098 DEBUG [neo4j.diagnostics]: Memory Pool: PS Perm Gen (Non-heap memory): committed=20.75 MB, used=14.48 MB, max=82.00 MB, threshold=0.00 B
2013-02-01 13:09:31,098 DEBUG [neo4j.diagnostics]: Operating system information:
2013-02-01 13:09:31,099 DEBUG [neo4j.diagnostics]: Operating System: Linux; version: 3.2.0-35-generic; arch: amd64; cpus: 2
2013-02-01 13:09:31,099 DEBUG [neo4j.diagnostics]: Max number of file descriptors: 4096
2013-02-01 13:09:31,099 DEBUG [neo4j.diagnostics]: Number of open file descriptors: 96
2013-02-01 13:09:31,100 DEBUG [neo4j.diagnostics]: Process id: 8669@ray-infibeam
2013-02-01 13:09:31,100 DEBUG [neo4j.diagnostics]: Byte order: LITTLE_ENDIAN
2013-02-01 13:09:31,100 DEBUG [neo4j.diagnostics]: Local timezone: Asia/Kolkata
2013-02-01 13:09:31,100 DEBUG [neo4j.diagnostics]: JVM information:
2013-02-01 13:09:31,100 DEBUG [neo4j.diagnostics]: VM Name: Java HotSpot(TM) 64-Bit Server VM
2013-02-01 13:09:31,100 DEBUG [neo4j.diagnostics]: VM Vendor: Sun Microsystems Inc.
2013-02-01 13:09:31,100 DEBUG [neo4j.diagnostics]: VM Version: 20.4-b02
2013-02-01 13:09:31,101 DEBUG [neo4j.diagnostics]: JIT compiler: HotSpot 64-Bit Tiered Compilers
2013-02-01 13:09:31,101 DEBUG [neo4j.diagnostics]: VM Arguments: [-XX:+DisableExplicitGC, -Dorg.neo4j.server.properties=conf/neo4j-server.properties, -Djava.util.logging.config.file=conf/logging.properties, -Dfile.encoding=UTF-8, -Dlog4j.configuration=file:conf/log4j.properties, -Dorg.neo4j.server.properties=/home/ray/Work/railsprojects/socialbeam-aws/neo4j/conf/neo4j-server.properties, -Djava.util.logging.config.file=/home/ray/Work/railsprojects/socialbeam-aws/neo4j/conf/logging.properties, -Dneo4j.home=/home/ray/Work/railsprojects/socialbeam-aws/neo4j, -Dneo4j.instance=/home/ray/Work/railsprojects/socialbeam-aws/neo4j]
2013-02-01 13:09:31,101 DEBUG [neo4j.diagnostics]: Java classpath:
2013-02-01 13:09:31,109 DEBUG [neo4j.diagnostics]:  [classpath + loader.0] file:/home/ray/Work/railsprojects/socialbeam-aws/neo4j/lib/neo4j-lucene-index-1.8.1.jar
2013-02-01 13:09:31,109 DEBUG [neo4j.diagnostics]:  [classpath + loader.0] file:/home/ray/Work/railsprojects/socialbeam-aws/neo4j/lib/server-api-1.8.1.jar
2013-02-01 13:09:31,110 DEBUG [neo4j.diagnostics]:  [classpath + loader.0] file:/home/ray/Work/railsprojects/socialbeam-aws/neo4j/system/lib/mimepull-1.6.jar
2013-02-01 13:09:31,110 DEBUG [neo4j.diagnostics]:  [classpath + loader.0] file:/home/ray/Work/railsprojects/socialbeam-aws/neo4j/system/lib/concurrentlinkedhashmap-lru-1.3.1.jar
2013-02-01 13:09:31,110 DEBUG [neo4j.diagnostics]:  [bootstrap] /usr/lib/jvm/java-6-u29/jre/lib/jsse.jar
2013-02-01 13:09:31,110 DEBUG [neo4j.diagnostics]:  [loader.1] file:/usr/lib/jvm/java-6-u29/jre/lib/ext/sunjce_provider.jar
2013-02-01 13:09:31,110 DEBUG [neo4j.diagnostics]:  [classpath + loader.0] file:/home/ray/Work/railsprojects/socialbeam-aws/neo4j/lib/neo4j-kernel-1.8.1.jar
2013-02-01 13:09:31,110 DEBUG [neo4j.diagnostics]:  [classpath + loader.0] file:/home/ray/Work/railsprojects/socialbeam-aws/neo4j/lib/neo4j-cypher-1.8.1.jar
2013-02-01 13:09:31,110 DEBUG [neo4j.diagnostics]:  [classpath + loader.0] file:/home/ray/Work/railsprojects/socialbeam-aws/neo4j/system/lib/logback-core-0.9.30.jar
2013-02-01 13:09:31,110 DEBUG [neo4j.diagnostics]:  [classpath + loader.0] file:/home/ray/Work/railsprojects/socialbeam-aws/neo4j/system/lib/asm-3.1.jar
2013-02-01 13:09:31,110 DEBUG [neo4j.diagnostics]:  [classpath + loader.0] file:/home/ray/Work/railsprojects/socialbeam-aws/neo4j/lib/neo4j-graph-algo-1.8.1.jar
2013-02-01 13:09:31,110 DEBUG [neo4j.diagnostics]:  [classpath + loader.0] file:/home/ray/Work/railsprojects/socialbeam-aws/neo4j/lib/neo4j-graph-matching-1.8.1.jar
2013-02-01 13:09:31,110 DEBUG [neo4j.diagnostics]:  [classpath + loader.0] file:/home/ray/Work/railsprojects/socialbeam-aws/neo4j/lib/lucene-core-3.5.0.jar
2013-02-01 13:09:31,110 DEBUG [neo4j.diagnostics]:  [classpath + loader.0] file:/home/ray/Work/railsprojects/socialbeam-aws/neo4j/system/lib/commons-logging-1.1.1.jar
2013-02-01 13:09:31,110 DEBUG [neo4j.diagnostics]:  [bootstrap] /usr/lib/jvm/java-6-u29/jre/lib/rt.jar
2013-02-01 13:09:31,110 DEBUG [neo4j.diagnostics]:  [bootstrap] /usr/lib/jvm/java-6-u29/jre/lib/jce.jar
2013-02-01 13:09:31,110 DEBUG [neo4j.diagnostics]:  [classpath + loader.0] file:/home/ray/Work/railsprojects/socialbeam-aws/neo4j/system/lib/commons-lang-2.4.jar
2013-02-01 13:09:31,110 DEBUG [neo4j.diagnostics]:  [classpath + loader.0] file:/home/ray/Work/railsprojects/socialbeam-aws/neo4j/system/lib/jackson-mapper-asl-1.9.7.jar
2013-02-01 13:09:31,111 DEBUG [neo4j.diagnostics]:  [classpath + loader.0] file:/home/ray/Work/railsprojects/socialbeam-aws/neo4j/system/lib/jettison-1.3.jar
2013-02-01 13:09:31,111 DEBUG [neo4j.diagnostics]:  [classpath + loader.0] file:/home/ray/Work/railsprojects/socialbeam-aws/neo4j/system/lib/asm-analysis-3.2.jar
2013-02-01 13:09:31,111 DEBUG [neo4j.diagnostics]:  [loader.1] file:/usr/lib/jvm/java-6-u29/jre/lib/ext/sunpkcs11.jar
2013-02-01 13:09:31,111 DEBUG [neo4j.diagnostics]:  [classpath + loader.0] file:/home/ray/Work/railsprojects/socialbeam-aws/neo4j/system/lib/jackson-core-asl-1.9.7.jar
2013-02-01 13:09:31,111 DEBUG [neo4j.diagnostics]:  [classpath + loader.0] file:/home/ray/Work/railsprojects/socialbeam-aws/neo4j/system/lib/neo4j-cypher-plugin-1.8.1.jar
2013-02-01 13:09:31,111 DEBUG [neo4j.diagnostics]:  [bootstrap] /usr/lib/jvm/java-6-u29/jre/lib/modules/jdk.boot.jar
2013-02-01 13:09:31,111 DEBUG [neo4j.diagnostics]:  [classpath + loader.0] file:/home/ray/Work/railsprojects/socialbeam-aws/neo4j/system/lib/neo4j-gremlin-plugin-1.8.1.jar
2013-02-01 13:09:31,111 DEBUG [neo4j.diagnostics]:  [classpath + loader.0] file:/home/ray/Work/railsprojects/socialbeam-aws/neo4j/system/lib/commons-configuration-1.6.jar
2013-02-01 13:09:31,111 DEBUG [neo4j.diagnostics]:  [classpath + loader.0] file:/home/ray/Work/railsprojects/socialbeam-aws/neo4j/system/lib/commons-beanutils-core-1.8.0.jar
2013-02-01 13:09:31,111 DEBUG [neo4j.diagnostics]:  [bootstrap] /usr/lib/jvm/java-6-u29/jre/lib/sunrsasign.jar
2013-02-01 13:09:31,111 DEBUG [neo4j.diagnostics]:  [loader.1] file:/usr/lib/jvm/java-6-u29/jre/lib/ext/dnsns.jar
2013-02-01 13:09:31,111 DEBUG [neo4j.diagnostics]:  [classpath + loader.0] file:/home/ray/Work/railsprojects/socialbeam-aws/neo4j/system/lib/blueprints-neo4j-graph-1.2.jar
2013-02-01 13:09:31,111 DEBUG [neo4j.diagnostics]:  [classpath + loader.0] file:/home/ray/Work/railsprojects/socialbeam-aws/neo4j/system/lib/jcl-over-slf4j-1.6.1.jar
2013-02-01 13:09:31,111 DEBUG [neo4j.diagnostics]:  [classpath + loader.0] file:/home/ray/Work/railsprojects/socialbeam-aws/neo4j/system/lib/pipes-1.0.jar
2013-02-01 13:09:31,111 DEBUG [neo4j.diagnostics]:  [classpath + loader.0] file:/home/ray/Work/railsprojects/socialbeam-aws/neo4j/system/lib/jackson-jaxrs-1.9.7.jar
2013-02-01 13:09:31,111 DEBUG [neo4j.diagnostics]:  [classpath + loader.0] file:/home/ray/Work/railsprojects/socialbeam-aws/neo4j/system/lib/rrd4j-2.0.7.jar
2013-02-01 13:09:31,112 DEBUG [neo4j.diagnostics]:  [classpath + loader.0] file:/home/ray/Work/railsprojects/socialbeam-aws/neo4j/system/lib/jersey-multipart-1.9.jar
2013-02-01 13:09:31,112 DEBUG [neo4j.diagnostics]:  [classpath + loader.0] file:/home/ray/Work/railsprojects/socialbeam-aws/neo4j/system/lib/asm-tree-3.2.jar
2013-02-01 13:09:31,112 DEBUG [neo4j.diagnostics]:  [classpath + loader.0] file:/home/ray/Work/railsprojects/socialbeam-aws/neo4j/system/lib/commons-digester-1.8.1.jar
2013-02-01 13:09:31,112 DEBUG [neo4j.diagnostics]:  [classpath + loader.0] file:/home/ray/Work/railsprojects/socialbeam-aws/neo4j/lib/org.apache.servicemix.bundles.jline-0.9.94_1.jar
2013-02-01 13:09:31,112 DEBUG [neo4j.diagnostics]:  [classpath + loader.0] file:/home/ray/Work/railsprojects/socialbeam-aws/neo4j/system/lib/stax-api-1.0.1.jar
2013-02-01 13:09:31,112 DEBUG [neo4j.diagnostics]:  [classpath + loader.0] file:/home/ray/Work/railsprojects/socialbeam-aws/neo4j/system/lib/neo4j-server-1.8.1.jar
2013-02-01 13:09:31,112 DEBUG [neo4j.diagnostics]:  [classpath + loader.0] file:/home/ray/Work/railsprojects/socialbeam-aws/neo4j/system/lib/jersey-core-1.9.jar
2013-02-01 13:09:31,112 DEBUG [neo4j.diagnostics]:  [classpath + loader.0] file:/home/ray/Work/railsprojects/socialbeam-aws/neo4j/system/lib/jansi-1.5.jar
2013-02-01 13:09:31,112 DEBUG [neo4j.diagnostics]:  [classpath + loader.0] file:/home/ray/Work/railsprojects/socialbeam-aws/neo4j/lib/geronimo-jta_1.1_spec-1.1.1.jar
2013-02-01 13:09:31,112 DEBUG [neo4j.diagnostics]:  [classpath + loader.0] file:/home/ray/Work/railsprojects/socialbeam-aws/neo4j/system/lib/jersey-server-1.9.jar
2013-02-01 13:09:31,112 DEBUG [neo4j.diagnostics]:  [classpath + loader.0] file:/home/ray/Work/railsprojects/socialbeam-aws/neo4j/lib/scala-library-2.9.1-1.jar
2013-02-01 13:09:31,112 DEBUG [neo4j.diagnostics]:  [classpath + loader.0] file:/home/ray/Work/railsprojects/socialbeam-aws/neo4j/system/lib/antlr-2.7.7.jar
2013-02-01 13:09:31,112 DEBUG [neo4j.diagnostics]:  [classpath + loader.0] file:/home/ray/Work/railsprojects/socialbeam-aws/neo4j/lib/neo4j-jmx-1.8.1.jar
2013-02-01 13:09:31,112 DEBUG [neo4j.diagnostics]:  [classpath + loader.0] file:/home/ray/Work/railsprojects/socialbeam-aws/neo4j/system/lib/gremlin-groovy-1.5.jar
2013-02-01 13:09:31,112 DEBUG [neo4j.diagnostics]:  [classpath + loader.0] file:/home/ray/Work/railsprojects/socialbeam-aws/neo4j/lib/neo4j-udc-1.8.1.jar
2013-02-01 13:09:31,112 DEBUG [neo4j.diagnostics]:  [classpath + loader.0] file:/home/ray/Work/railsprojects/socialbeam-aws/neo4j/system/lib/jsr311-api-1.1.2.r612.jar
2013-02-01 13:09:31,112 DEBUG [neo4j.diagnostics]:  [bootstrap] /usr/lib/jvm/java-6-u29/jre/classes
2013-02-01 13:09:31,112 DEBUG [neo4j.diagnostics]:  [classpath + loader.0] file:/home/ray/Work/railsprojects/socialbeam-aws/neo4j/system/lib/slf4j-api-1.6.2.jar
2013-02-01 13:09:31,113 DEBUG [neo4j.diagnostics]:  [classpath + loader.0] file:/home/ray/Work/railsprojects/socialbeam-aws/neo4j/system/lib/neo4j-server-1.8.1-static-web.jar
2013-02-01 13:09:31,113 DEBUG [neo4j.diagnostics]:  [classpath + loader.0] file:/home/ray/Work/railsprojects/socialbeam-aws/neo4j/system/lib/groovy-1.8.5.jar
2013-02-01 13:09:31,113 DEBUG [neo4j.diagnostics]:  [classpath + loader.0] file:/home/ray/Work/railsprojects/socialbeam-aws/neo4j/system/lib/commons-collections-3.2.1.jar
2013-02-01 13:09:31,113 DEBUG [neo4j.diagnostics]:  [loader.1] file:/usr/lib/jvm/java-6-u29/jre/lib/ext/localedata.jar
2013-02-01 13:09:31,113 DEBUG [neo4j.diagnostics]:  [classpath + loader.0] file:/home/ray/Work/railsprojects/socialbeam-aws/neo4j/lib/neo4j-shell-1.8.1.jar
2013-02-01 13:09:31,113 DEBUG [neo4j.diagnostics]:  [classpath + loader.0] file:/home/ray/Work/railsprojects/socialbeam-aws/neo4j/system/lib/logback-access-0.9.30.jar
2013-02-01 13:09:31,113 DEBUG [neo4j.diagnostics]:  [classpath + loader.0] file:/home/ray/Work/railsprojects/socialbeam-aws/neo4j/system/lib/jetty-util-6.1.25.jar
2013-02-01 13:09:31,113 DEBUG [neo4j.diagnostics]:  [classpath + loader.0] file:/home/ray/Work/railsprojects/socialbeam-aws/neo4j/system/lib/bcprov-jdk16-140.jar
2013-02-01 13:09:31,113 DEBUG [neo4j.diagnostics]:  [classpath + loader.0] file:/home/ray/Work/railsprojects/socialbeam-aws/neo4j/system/lib/asm-util-3.2.jar
2013-02-01 13:09:31,113 DEBUG [neo4j.diagnostics]:  [classpath + loader.0] file:/home/ray/Work/railsprojects/socialbeam-aws/neo4j/system/lib/jetty-6.1.25.jar
2013-02-01 13:09:31,113 DEBUG [neo4j.diagnostics]:  [classpath + loader.0] file:/home/ray/Work/railsprojects/socialbeam-aws/neo4j/system/lib/commons-beanutils-1.8.0.jar
2013-02-01 13:09:31,113 DEBUG [neo4j.diagnostics]:  [classpath + loader.0] file:/home/ray/Work/railsprojects/socialbeam-aws/neo4j/system/lib/blueprints-core-1.2.jar
2013-02-01 13:09:31,113 DEBUG [neo4j.diagnostics]:  [classpath + loader.0] file:/home/ray/Work/railsprojects/socialbeam-aws/neo4j/system/lib/commons-io-1.4.jar
2013-02-01 13:09:31,113 DEBUG [neo4j.diagnostics]:  [classpath + loader.0] file:/home/ray/Work/railsprojects/socialbeam-aws/neo4j/system/lib/logback-classic-0.9.30.jar
2013-02-01 13:09:31,113 DEBUG [neo4j.diagnostics]:  [bootstrap] /usr/lib/jvm/java-6-u29/jre/lib/charsets.jar
2013-02-01 13:09:31,113 DEBUG [neo4j.diagnostics]:  [classpath + loader.0] file:/home/ray/Work/railsprojects/socialbeam-aws/neo4j/system/lib/servlet-api-2.5-20081211.jar
2013-02-01 13:09:31,113 DEBUG [neo4j.diagnostics]:  [bootstrap] /usr/lib/jvm/java-6-u29/jre/lib/resources.jar
2013-02-01 13:09:31,114 DEBUG [neo4j.diagnostics]:  [classpath + loader.0] file:/home/ray/Work/railsprojects/socialbeam-aws/neo4j/system/lib/asm-commons-3.2.jar
2013-02-01 13:09:31,114 DEBUG [neo4j.diagnostics]:  [classpath + loader.0] file:/home/ray/Work/railsprojects/socialbeam-aws/neo4j/system/lib/gremlin-java-1.5.jar
2013-02-01 13:09:31,114 DEBUG [neo4j.diagnostics]:  [classpath + loader.0] file:/home/ray/Work/railsprojects/socialbeam-aws/neo4j/system/lib/janino-2.5.10.jar
2013-02-01 13:09:31,114 DEBUG [neo4j.diagnostics]: Library path:
2013-02-01 13:09:31,114 DEBUG [neo4j.diagnostics]: /usr/lib/jvm/java-6-u29/jre/lib/amd64/server
2013-02-01 13:09:31,114 DEBUG [neo4j.diagnostics]: /usr/lib/jvm/java-6-u29/jre/lib/amd64
2013-02-01 13:09:31,114 DEBUG [neo4j.diagnostics]: /usr/lib/jvm/java-6-u29/lib/amd64
2013-02-01 13:09:31,114 DEBUG [neo4j.diagnostics]: /usr/java/packages/lib/amd64
2013-02-01 13:09:31,115 DEBUG [neo4j.diagnostics]: /usr/lib64
2013-02-01 13:09:31,115 DEBUG [neo4j.diagnostics]: /lib64
2013-02-01 13:09:31,115 DEBUG [neo4j.diagnostics]: /lib
2013-02-01 13:09:31,115 DEBUG [neo4j.diagnostics]: /usr/lib
2013-02-01 13:09:31,115 DEBUG [neo4j.diagnostics]: System.properties:
2013-02-01 13:09:31,115 DEBUG [neo4j.diagnostics]: sun.boot.library.path = /usr/lib/jvm/java-6-u29/jre/lib/amd64
2013-02-01 13:09:31,115 DEBUG [neo4j.diagnostics]: org.neo4j.server.properties = /home/ray/Work/railsprojects/socialbeam-aws/neo4j/conf/neo4j-server.properties
2013-02-01 13:09:31,116 DEBUG [neo4j.diagnostics]: path.separator = :
2013-02-01 13:09:31,116 DEBUG [neo4j.diagnostics]: file.encoding.pkg = sun.io
2013-02-01 13:09:31,116 DEBUG [neo4j.diagnostics]: sun.java.launcher = SUN_STANDARD
2013-02-01 13:09:31,116 DEBUG [neo4j.diagnostics]: user.country = IN
2013-02-01 13:09:31,116 DEBUG [neo4j.diagnostics]: sun.os.patch.level = unknown
2013-02-01 13:09:31,116 DEBUG [neo4j.diagnostics]: user.dir = /home/ray/Work/railsprojects/socialbeam-aws/neo4j
2013-02-01 13:09:31,116 DEBUG [neo4j.diagnostics]: log4j.configuration = file:conf/log4j.properties
2013-02-01 13:09:31,116 DEBUG [neo4j.diagnostics]: sun.jnu.encoding = UTF-8
2013-02-01 13:09:31,116 DEBUG [neo4j.diagnostics]: sun.management.compiler = HotSpot 64-Bit Tiered Compilers
2013-02-01 13:09:31,116 DEBUG [neo4j.diagnostics]: user.home = /home/ray
2013-02-01 13:09:31,116 DEBUG [neo4j.diagnostics]: user.timezone = Asia/Kolkata
2013-02-01 13:09:31,116 DEBUG [neo4j.diagnostics]: file.encoding = UTF-8
2013-02-01 13:09:31,116 DEBUG [neo4j.diagnostics]: user.name = ray
2013-02-01 13:09:31,116 DEBUG [neo4j.diagnostics]: sun.java.command = org.neo4j.server.Bootstrapper
2013-02-01 13:09:31,116 DEBUG [neo4j.diagnostics]: sun.arch.data.model = 64
2013-02-01 13:09:31,117 DEBUG [neo4j.diagnostics]: user.language = en
2013-02-01 13:09:31,117 DEBUG [neo4j.diagnostics]: file.separator = /
2013-02-01 13:09:31,117 DEBUG [neo4j.diagnostics]: sun.io.unicode.encoding = UnicodeLittle
2013-02-01 13:09:31,117 DEBUG [neo4j.diagnostics]: sun.cpu.endian = little
2013-02-01 13:09:31,117 DEBUG [neo4j.diagnostics]: neo4j.instance = /home/ray/Work/railsprojects/socialbeam-aws/neo4j
2013-02-01 13:09:31,117 DEBUG [neo4j.diagnostics]: sun.desktop = gnome
2013-02-01 13:09:31,117 DEBUG [neo4j.diagnostics]: neo4j.home = /home/ray/Work/railsprojects/socialbeam-aws/neo4j
2013-02-01 13:09:31,117 DEBUG [neo4j.diagnostics]: sun.cpu.isalist = 
2013-02-01 13:09:31,117 DEBUG [neo4j.diagnostics]: Linux scheduler information:
2013-02-01 13:09:31,119 DEBUG [neo4j.diagnostics]: none
2013-02-01 13:09:31,119 DEBUG [neo4j.diagnostics]: none
2013-02-01 13:09:31,120 DEBUG [neo4j.diagnostics]: none
2013-02-01 13:09:31,120 DEBUG [neo4j.diagnostics]: none
2013-02-01 13:09:31,120 DEBUG [neo4j.diagnostics]: none
2013-02-01 13:09:31,120 DEBUG [neo4j.diagnostics]: none
2013-02-01 13:09:31,120 DEBUG [neo4j.diagnostics]: none
2013-02-01 13:09:31,121 DEBUG [neo4j.diagnostics]: none
2013-02-01 13:09:31,121 DEBUG [neo4j.diagnostics]: none
2013-02-01 13:09:31,121 DEBUG [neo4j.diagnostics]: none
2013-02-01 13:09:31,121 DEBUG [neo4j.diagnostics]: none
2013-02-01 13:09:31,121 DEBUG [neo4j.diagnostics]: none
2013-02-01 13:09:31,122 DEBUG [neo4j.diagnostics]: none
2013-02-01 13:09:31,122 DEBUG [neo4j.diagnostics]: none
2013-02-01 13:09:31,122 DEBUG [neo4j.diagnostics]: none
2013-02-01 13:09:31,122 DEBUG [neo4j.diagnostics]: none
2013-02-01 13:09:31,122 DEBUG [neo4j.diagnostics]: none
2013-02-01 13:09:31,123 DEBUG [neo4j.diagnostics]: none
2013-02-01 13:09:31,123 DEBUG [neo4j.diagnostics]: none
2013-02-01 13:09:31,123 DEBUG [neo4j.diagnostics]: none
2013-02-01 13:09:31,123 DEBUG [neo4j.diagnostics]: none
2013-02-01 13:09:31,123 DEBUG [neo4j.diagnostics]: none
2013-02-01 13:09:31,124 DEBUG [neo4j.diagnostics]: none
2013-02-01 13:09:31,124 DEBUG [neo4j.diagnostics]: none
2013-02-01 13:09:31,124 DEBUG [neo4j.diagnostics]: noop deadline [cfq] 
2013-02-01 13:09:31,124 DEBUG [neo4j.diagnostics]: noop deadline [cfq] 
2013-02-01 13:09:31,124 DEBUG [neo4j.diagnostics]: noop deadline [cfq] 
2013-02-01 13:09:31,125 DEBUG [neo4j.diagnostics]: noop deadline [cfq] 
2013-02-01 13:09:31,125 DEBUG [neo4j.diagnostics]: noop deadline [cfq] 
2013-02-01 13:09:31,125 DEBUG [neo4j.diagnostics]: Network information:
2013-02-01 13:09:31,126 DEBUG [neo4j.diagnostics]: Interface wlan0:
2013-02-01 13:09:31,127 DEBUG [neo4j.diagnostics]:     address: fe80:0:0:0:d2df:9aff:fe01:4aa4%3
2013-02-01 13:09:31,127 DEBUG [neo4j.diagnostics]:     address: 192.168.1.140
2013-02-01 13:09:31,127 DEBUG [neo4j.diagnostics]: Interface lo:
2013-02-01 13:09:31,127 DEBUG [neo4j.diagnostics]:     address: 0:0:0:0:0:0:0:1%1
2013-02-01 13:09:31,127 DEBUG [neo4j.diagnostics]:     address: 127.0.0.1
2013-02-01 13:09:31,128 DEBUG [neo4j.diagnostics]: --- STARTUP diagnostics END ---
2013-02-01 13:09:31,144 INFO  [neo4j.txmanager]: Recovery completed, all transactions have been resolved to a consistent state.
2013-02-01 13:09:31,245 INFO  [neo4j.extension]: Extension org.neo4j.kernel.KernelExtension[kernel jmx] loaded ok
2013-02-01 13:09:31,250 INFO  [neo4j.extension]: Extension org.neo4j.kernel.KernelExtension[kernel udc] loaded ok
2013-02-01 13:09:31,444 INFO  [neo4j.extension]: Extension org.neo4j.kernel.KernelExtension[shell] loaded ok
2013-02-01 13:09:31,448 DEBUG [neo4j.diagnostics]: --- STARTUP diagnostics for KernelDiagnostics:Versions START ---
2013-02-01 13:09:31,448 DEBUG [neo4j.diagnostics]: Graph Database: org.neo4j.kernel.EmbeddedGraphDatabase StoreId[time:1359704367644, id:-7916794867342055656, store version: 13561656364791302]
2013-02-01 13:09:31,448 DEBUG [neo4j.diagnostics]: Kernel version: Neo4j - Graph Database Kernel 1.8.1
2013-02-01 13:09:31,448 DEBUG [neo4j.diagnostics]: Neo4j component versions:
2013-02-01 13:09:31,449 DEBUG [neo4j.diagnostics]:   Neo4j - Graph Database Kernel 1.8.1
2013-02-01 13:09:31,449 DEBUG [neo4j.diagnostics]: --- STARTUP diagnostics for KernelDiagnostics:Versions END ---
2013-02-01 13:09:31,455 DEBUG [neo4j.diagnostics]: --- STARTUP diagnostics for NEO_STORE_VERSIONS START ---
2013-02-01 13:09:31,456 DEBUG [neo4j.diagnostics]: Store versions:
2013-02-01 13:09:31,456 DEBUG [neo4j.diagnostics]: Store versions:
2013-02-01 13:09:31,456 DEBUG [neo4j.diagnostics]:   NeoStore v0.A.0
2013-02-01 13:09:31,459 DEBUG [neo4j.diagnostics]:   NodeStore v0.A.0
2013-02-01 13:09:31,459 DEBUG [neo4j.diagnostics]:   RelationshipStore v0.A.0
2013-02-01 13:09:31,459 DEBUG [neo4j.diagnostics]:   RelationshipTypeStore v0.A.0
2013-02-01 13:09:31,459 DEBUG [neo4j.diagnostics]:   PropertyStore v0.A.0
2013-02-01 13:09:31,459 DEBUG [neo4j.diagnostics]:   PropertyIndexStore v0.A.0
2013-02-01 13:09:31,459 DEBUG [neo4j.diagnostics]:   StringPropertyStore v0.A.0
2013-02-01 13:09:31,459 DEBUG [neo4j.diagnostics]:   ArrayPropertyStore v0.A.0
2013-02-01 13:09:31,459 DEBUG [neo4j.diagnostics]: --- STARTUP diagnostics for NEO_STORE_VERSIONS END ---
2013-02-01 13:09:31,459 DEBUG [neo4j.diagnostics]: --- STARTUP diagnostics for NEO_STORE_ID_USAGE START ---
2013-02-01 13:09:31,459 DEBUG [neo4j.diagnostics]: Id usage:
2013-02-01 13:09:31,459 DEBUG [neo4j.diagnostics]: Id usage:
2013-02-01 13:09:31,460 DEBUG [neo4j.diagnostics]:   NodeStore: used=1 high=0
2013-02-01 13:09:31,460 DEBUG [neo4j.diagnostics]:   RelationshipStore: used=0 high=-1
2013-02-01 13:09:31,460 DEBUG [neo4j.diagnostics]:   RelationshipTypeStore: used=0 high=-1
2013-02-01 13:09:31,460 DEBUG [neo4j.diagnostics]:   PropertyStore: used=0 high=-1
2013-02-01 13:09:31,461 DEBUG [neo4j.diagnostics]:   PropertyIndexStore: used=0 high=-1
2013-02-01 13:09:31,461 DEBUG [neo4j.diagnostics]:   StringPropertyStore: used=1 high=0
2013-02-01 13:09:31,461 DEBUG [neo4j.diagnostics]:   ArrayPropertyStore: used=1 high=0
2013-02-01 13:09:31,461 DEBUG [neo4j.diagnostics]: --- STARTUP diagnostics for NEO_STORE_ID_USAGE END ---
2013-02-01 13:09:31,461 DEBUG [neo4j.diagnostics]: --- STARTUP diagnostics for PERSISTENCE_WINDOW_POOL_STATS START ---
2013-02-01 13:09:31,461 DEBUG [neo4j.diagnostics]: --- STARTUP diagnostics for PERSISTENCE_WINDOW_POOL_STATS END ---
2013-02-01 13:09:31,462 DEBUG [neo4j.diagnostics]: --- STARTUP diagnostics for KernelDiagnostics:StoreFiles START ---
2013-02-01 13:09:31,462 DEBUG [neo4j.diagnostics]: Disk space on partition (Total / Free / Free %): 313088262144 / 266582872064 / 14
Storage files: (filename : modification date - size)
2013-02-01 13:09:31,474 DEBUG [neo4j.diagnostics]:   messages.log: 2013-02-01T13:09:31+0530 - 28.92 kB
2013-02-01 13:09:31,474 DEBUG [neo4j.diagnostics]:   index:
2013-02-01 13:09:31,474 DEBUG [neo4j.diagnostics]:     lucene.log.1: 2013-02-01T13:09:30+0530 - 16.00 B
2013-02-01 13:09:31,475 DEBUG [neo4j.diagnostics]:     lucene-store.db: 2013-02-01T13:09:30+0530 - 40.00 B
2013-02-01 13:09:31,475 DEBUG [neo4j.diagnostics]:     lucene.log.active: 2013-02-01T13:09:30+0530 - 4.00 B
2013-02-01 13:09:31,476 DEBUG [neo4j.diagnostics]:   - Total: 2013-02-01T13:09:30+0530 - 60.00 B
2013-02-01 13:09:31,476 DEBUG [neo4j.diagnostics]:   neostore.nodestore.db.id: 2013-02-01T13:09:30+0530 - 9.00 B
2013-02-01 13:09:31,477 DEBUG [neo4j.diagnostics]:   tm_tx_log.1: 2013-02-01T13:09:31+0530 - 0.00 B
2013-02-01 13:09:31,477 DEBUG [neo4j.diagnostics]:   neostore.propertystore.db.index.keys: 2013-02-01T13:09:29+0530 - 38.00 B
2013-02-01 13:09:31,478 DEBUG [neo4j.diagnostics]:   neostore.nodestore.db: 2013-02-01T13:09:30+0530 - 9.00 B
2013-02-01 13:09:31,478 DEBUG [neo4j.diagnostics]:   neostore: 2013-02-01T13:09:30+0530 - 54.00 B
2013-02-01 13:09:31,479 DEBUG [neo4j.diagnostics]:   neostore.propertystore.db.index: 2013-02-01T13:09:29+0530 - 0.00 B
2013-02-01 13:09:31,479 DEBUG [neo4j.diagnostics]:   neostore.propertystore.db.index.keys.id: 2013-02-01T13:09:29+0530 - 9.00 B
2013-02-01 13:09:31,483 DEBUG [neo4j.diagnostics]:   neostore.relationshipstore.db: 2013-02-01T13:09:30+0530 - 0.00 B
2013-02-01 13:09:31,483 DEBUG [neo4j.diagnostics]:   active_tx_log: 2013-02-01T13:09:30+0530 - 11.00 B
2013-02-01 13:09:31,484 DEBUG [neo4j.diagnostics]:   nioneo_logical.log.active: 2013-02-01T13:09:30+0530 - 4.00 B
2013-02-01 13:09:31,484 DEBUG [neo4j.diagnostics]:   neostore.id: 2013-02-01T13:09:30+0530 - 9.00 B
2013-02-01 13:09:31,485 DEBUG [neo4j.diagnostics]:   neostore.relationshipstore.db.id: 2013-02-01T13:09:30+0530 - 9.00 B
2013-02-01 13:09:31,485 DEBUG [neo4j.diagnostics]:   neostore.relationshiptypestore.db.names.id: 2013-02-01T13:09:29+0530 - 9.00 B
2013-02-01 13:09:31,486 DEBUG [neo4j.diagnostics]:   neostore.propertystore.db.arrays: 2013-02-01T13:09:29+0530 - 128.00 B
2013-02-01 13:09:31,486 DEBUG [neo4j.diagnostics]:   neostore.propertystore.db.arrays.id: 2013-02-01T13:09:29+0530 - 9.00 B
2013-02-01 13:09:31,492 DEBUG [neo4j.diagnostics]:   neostore.propertystore.db.strings: 2013-02-01T13:09:29+0530 - 128.00 B
2013-02-01 13:09:31,493 DEBUG [neo4j.diagnostics]:   nioneo_logical.log.1: 2013-02-01T13:09:30+0530 - 16.00 B
2013-02-01 13:09:31,493 DEBUG [neo4j.diagnostics]:   lock: 2013-02-01T13:09:30+0530 - 0.00 B
2013-02-01 13:09:31,494 DEBUG [neo4j.diagnostics]:   neostore.propertystore.db.strings.id: 2013-02-01T13:09:29+0530 - 9.00 B
2013-02-01 13:09:31,494 DEBUG [neo4j.diagnostics]:   neostore.propertystore.db: 2013-02-01T13:09:29+0530 - 0.00 B
2013-02-01 13:09:31,495 DEBUG [neo4j.diagnostics]:   neostore.relationshiptypestore.db: 2013-02-01T13:09:29+0530 - 0.00 B
2013-02-01 13:09:31,495 DEBUG [neo4j.diagnostics]:   neostore.propertystore.db.index.id: 2013-02-01T13:09:29+0530 - 9.00 B
2013-02-01 13:09:31,495 DEBUG [neo4j.diagnostics]:   neostore.relationshiptypestore.db.names: 2013-02-01T13:09:29+0530 - 38.00 B
2013-02-01 13:09:31,496 DEBUG [neo4j.diagnostics]:   neostore.propertystore.db.id: 2013-02-01T13:09:29+0530 - 9.00 B
2013-02-01 13:09:31,496 DEBUG [neo4j.diagnostics]:   neostore.relationshiptypestore.db.id: 2013-02-01T13:09:29+0530 - 9.00 B
2013-02-01 13:09:31,496 DEBUG [neo4j.diagnostics]: --- STARTUP diagnostics for KernelDiagnostics:StoreFiles END ---
2013-02-01 13:09:31,499 INFO  [neo4j]: Started - database is now available
2013-02-01 13:09:31,512 INFO  [neo4j]: GC Monitor started. 
2013-02-01 13:09:32,410 DEBUG [neo4j.diagnostics]: --- SERVER STARTUP START ---
2013-02-01 13:09:32,410 DEBUG [neo4j.diagnostics]: --- STARTUP diagnostics for org.neo4j.server.configuration.Configurator START ---
2013-02-01 13:09:32,413 DEBUG [neo4j.diagnostics]: Server configuration:
2013-02-01 13:09:32,414 DEBUG [neo4j.diagnostics]: org.neo4j.server.database.location = data/graph.db
2013-02-01 13:09:32,414 DEBUG [neo4j.diagnostics]: org.neo4j.server.webserver.port = 7474
2013-02-01 13:09:32,414 DEBUG [neo4j.diagnostics]: org.neo4j.server.webserver.https.enabled = true
2013-02-01 13:09:32,414 DEBUG [neo4j.diagnostics]: org.neo4j.server.webserver.https.port = 7473
2013-02-01 13:09:32,414 DEBUG [neo4j.diagnostics]: org.neo4j.server.webserver.https.cert.location = conf/ssl/snakeoil.cert
2013-02-01 13:09:32,414 DEBUG [neo4j.diagnostics]: org.neo4j.server.webserver.https.key.location = conf/ssl/snakeoil.key
2013-02-01 13:09:32,414 DEBUG [neo4j.diagnostics]: org.neo4j.server.webserver.https.keystore.location = data/keystore
2013-02-01 13:09:32,414 DEBUG [neo4j.diagnostics]: org.neo4j.server.webadmin.rrdb.location = data/rrd
2013-02-01 13:09:32,414 DEBUG [neo4j.diagnostics]: org.neo4j.server.db.tuning.properties = conf/neo4j.properties
2013-02-01 13:09:32,414 DEBUG [neo4j.diagnostics]: org.neo4j.server.http.log.enabled = false
2013-02-01 13:09:32,414 DEBUG [neo4j.diagnostics]: org.neo4j.server.http.log.config = conf/neo4j-http-logging.xml
2013-02-01 13:09:32,414 DEBUG [neo4j.diagnostics]: org.neo4j.server.webadmin.management.uri = /db/manage/
2013-02-01 13:09:32,415 DEBUG [neo4j.diagnostics]: org.neo4j.server.webadmin.data.uri = /db/data/
2013-02-01 13:09:32,415 DEBUG [neo4j.diagnostics]: --- STARTUP diagnostics for org.neo4j.server.configuration.Configurator END ---
2013-02-01 13:09:32,436 DEBUG [neo4j.diagnostics]: Mounted discovery module (org.neo4j.server.rest.discovery) at: /
2013-02-01 13:09:32,505 DEBUG [neo4j.diagnostics]: Loaded server plugin "CypherPlugin" (org.neo4j.server.plugin.cypher.CypherPlugin)
2013-02-01 13:09:32,509 DEBUG [neo4j.diagnostics]:   GraphDatabaseService.execute_query: execute a query
2013-02-01 13:09:32,510 DEBUG [neo4j.diagnostics]: Loaded server plugin "GremlinPlugin" (org.neo4j.server.plugin.gremlin.GremlinPlugin)
2013-02-01 13:09:32,510 DEBUG [neo4j.diagnostics]:   GraphDatabaseService.execute_script: execute a Gremlin script with 'g' set to the Neo4jGraph and 'results' containing the results. Only results of one object type is supported.
2013-02-01 13:09:32,511 DEBUG [neo4j.diagnostics]: Mounted REST API at: /db/data/
2013-02-01 13:09:32,512 DEBUG [neo4j.diagnostics]: Mounted management API at: /db/manage/
2013-02-01 13:09:32,668 DEBUG [neo4j.diagnostics]: Mounted webadmin at: /webadmin
2013-02-01 13:09:38,248 DEBUG [neo4j.diagnostics]: Server started on: http://localhost:7474/
2013-02-01 13:09:38,249 DEBUG [neo4j.diagnostics]: --- SERVER STARTUP END ---
2013-02-01 14:45:38,644 INFO  [neo4j]: GC Monitor: Application threads blocked for an additional 7781ms [total block time: 7.781s]
2013-02-01 14:55:46,569 INFO  [neo4j]: GC Monitor: Application threads blocked for an additional 107ms [total block time: 7.888s]
2013-02-01 16:15:27,114 INFO  [neo4j]: GC Monitor: Application threads blocked for an additional 364ms [total block time: 8.252s]
